sudo apt-get install lighttpd
pi@raspberrypi:/etc/lighttpd $ sudo apt-get install php5-common php5-cgi php5
Reading package lists... Done
Building dependency tree       
Reading state information... Done
The following extra packages will be installed:
  libonig2 libperl4-corelibs-perl libqdbm14 lsof php5-cli php5-json
  php5-readline
Suggested packages:
  php-pear php5-user-cache
The following NEW packages will be installed:
  libonig2 libperl4-corelibs-perl libqdbm14 lsof php5 php5-cgi php5-cli
  php5-common php5-json php5-readline
0 upgraded, 10 newly installed, 0 to remove and 7 not upgraded.
Need to get 5,105 kB of archives.
After this operation, 26.5 MB of additional disk space will be used.
Do you want to continue? [Y/n] Y
Get:1 http://mirrordirector.raspbian.org/raspbian/ jessie/main libonig2 armhf 5.9.5-3.2 [101 kB]
Get:2 http://mirrordirector.raspbian.org/raspbian/ jessie/main libperl4-corelibs-perl all 0.003-1 [43.6 kB]
Get:3 http://mirrordirector.raspbian.org/raspbian/ jessie/main lsof armhf 4.86+dfsg-1 [321 kB]
Get:4 http://mirrordirector.raspbian.org/raspbian/ jessie/main php5 all 5.6.30+dfsg-0+deb8u1 [1,318 B]
Get:5 http://mirrordirector.raspbian.org/raspbian/ jessie/main libqdbm14 armhf 1.8.78-5+b1 [86.0 kB]
Get:6 http://mirrordirector.raspbian.org/raspbian/ jessie/main php5-common armhf 5.6.30+dfsg-0+deb8u1 [721 kB]
Get:7 http://mirrordirector.raspbian.org/raspbian/ jessie/main php5-json armhf 1.3.6-1 [16.9 kB]
Get:8 http://mirrordirector.raspbian.org/raspbian/ jessie/main php5-cli armhf 5.6.30+dfsg-0+deb8u1 [1,911 kB]
Get:9 http://mirrordirector.raspbian.org/raspbian/ jessie/main php5-cgi armhf 5.6.30+dfsg-0+deb8u1 [1,891 kB]
Get:10 http://mirrordirector.raspbian.org/raspbian/ jessie/main php5-readline armhf 5.6.30+dfsg-0+deb8u1 [11.2 kB]
Fetched 5,105 kB in 16s (305 kB/s)                                             
Selecting previously unselected package libonig2:armhf.
(Reading database ... 130681 files and directories currently installed.)
Preparing to unpack .../libonig2_5.9.5-3.2_armhf.deb ...
Unpacking libonig2:armhf (5.9.5-3.2) ...
Selecting previously unselected package libperl4-corelibs-perl.
Preparing to unpack .../libperl4-corelibs-perl_0.003-1_all.deb ...
Unpacking libperl4-corelibs-perl (0.003-1) ...
Selecting previously unselected package lsof.
Preparing to unpack .../lsof_4.86+dfsg-1_armhf.deb ...
Unpacking lsof (4.86+dfsg-1) ...
Selecting previously unselected package libqdbm14.
Preparing to unpack .../libqdbm14_1.8.78-5+b1_armhf.deb ...
Unpacking libqdbm14 (1.8.78-5+b1) ...
Selecting previously unselected package php5-common.
Preparing to unpack .../php5-common_5.6.30+dfsg-0+deb8u1_armhf.deb ...
Unpacking php5-common (5.6.30+dfsg-0+deb8u1) ...
Selecting previously unselected package php5-json.
Preparing to unpack .../php5-json_1.3.6-1_armhf.deb ...
Unpacking php5-json (1.3.6-1) ...
Selecting previously unselected package php5-cli.
Preparing to unpack .../php5-cli_5.6.30+dfsg-0+deb8u1_armhf.deb ...
Unpacking php5-cli (5.6.30+dfsg-0+deb8u1) ...
Selecting previously unselected package php5-cgi.
Preparing to unpack .../php5-cgi_5.6.30+dfsg-0+deb8u1_armhf.deb ...
Unpacking php5-cgi (5.6.30+dfsg-0+deb8u1) ...
Selecting previously unselected package php5.
Preparing to unpack .../php5_5.6.30+dfsg-0+deb8u1_all.deb ...
Unpacking php5 (5.6.30+dfsg-0+deb8u1) ...
Selecting previously unselected package php5-readline.
Preparing to unpack .../php5-readline_5.6.30+dfsg-0+deb8u1_armhf.deb ...
Unpacking php5-readline (5.6.30+dfsg-0+deb8u1) ...
Processing triggers for man-db (2.7.0.2-5) ...
Setting up libonig2:armhf (5.9.5-3.2) ...
Setting up libperl4-corelibs-perl (0.003-1) ...
Setting up lsof (4.86+dfsg-1) ...
Setting up libqdbm14 (1.8.78-5+b1) ...
Setting up php5-common (5.6.30+dfsg-0+deb8u1) ...

Creating config file /etc/php5/mods-available/pdo.ini with new version
php5_invoke: Enable module pdo for cli SAPI
php5_invoke: Enable module pdo for cgi SAPI

Creating config file /etc/php5/mods-available/opcache.ini with new version
php5_invoke: Enable module opcache for cli SAPI
php5_invoke: Enable module opcache for cgi SAPI
Setting up php5-json (1.3.6-1) ...
php5_invoke: Enable module json for cli SAPI
php5_invoke: Enable module json for cgi SAPI
Setting up php5-cli (5.6.30+dfsg-0+deb8u1) ...
update-alternatives: using /usr/bin/php5 to provide /usr/bin/php (php) in auto mode
update-alternatives: using /usr/bin/phar5 to provide /usr/bin/phar (phar) in auto mode

Creating config file /etc/php5/cli/php.ini with new version
Setting up php5-cgi (5.6.30+dfsg-0+deb8u1) ...
update-alternatives: using /usr/bin/php5-cgi to provide /usr/bin/php-cgi (php-cgi) in auto mode
update-alternatives: using /usr/lib/cgi-bin/php5 to provide /usr/lib/cgi-bin/php (php-cgi-bin) in auto mode

Creating config file /etc/php5/cgi/php.ini with new version
Setting up php5 (5.6.30+dfsg-0+deb8u1) ...
Setting up php5-readline (5.6.30+dfsg-0+deb8u1) ...

Creating config file /etc/php5/mods-available/readline.ini with new version
php5_invoke: Enable module readline for cli SAPI
php5_invoke: Enable module readline for cgi SAPI
Processing triggers for libc-bin (2.19-18+deb8u9) ...
pi@raspberrypi:/etc/lighttpd $ sudo lighty-enable-mod fastcgi-php
Met dependency: fastcgi
Enabling fastcgi-php: ok
Enabling fastcgi: ok
Run /etc/init.d/lighttpd force-reload to enable changes
pi@raspberrypi:/etc/lighttpd $ sudo service lighttpd force-reload 
pi@raspberrypi:/etc/lighttpd $ sudo chown -R www-data:www-data /var/www
pi@raspberrypi:/etc/lighttpd $ sudo chmod 775 /var/www
pi@raspberrypi:/etc/lighttpd $ sudo usermod -a -G www-data pi
pi@raspberrypi:/etc/lighttpd $ cd /var/www/html/
pi@raspberrypi:/var/www/html $ sudo wget http://www.tinkernut.com/demos/360_cam/360_cam_server.tar.gz
